0 info it worked if it ends with ok
1 verbose cli [ 'node', '/usr/local/bin/npm', 'i' ]
2 info using npm@1.4.12
3 info using node@v0.11.14-pre
4 warn package.json jaPedi@1.0.0 No description
5 warn package.json jaPedi@1.0.0 No repository field.
6 warn package.json jaPedi@1.0.0 No README data
7 verbose readDependencies using package.json deps
8 verbose install where, deps [ '/home/valter/Documentos/SOP/jaPedi',
8 verbose install   [ 'sass-convert',
8 verbose install     'grunt',
8 verbose install     'grunt-banner',
8 verbose install     'grunt-contrib-clean',
8 verbose install     'grunt-contrib-compass',
8 verbose install     'grunt-contrib-compress',
8 verbose install     'grunt-contrib-concat',
8 verbose install     'grunt-contrib-copy',
8 verbose install     'grunt-contrib-csslint',
8 verbose install     'grunt-contrib-cssmin',
8 verbose install     'grunt-contrib-htmlmin',
8 verbose install     'grunt-contrib-imagemin',
8 verbose install     'grunt-contrib-jshint',
8 verbose install     'grunt-contrib-sass',
8 verbose install     'grunt-contrib-uglify',
8 verbose install     'grunt-contrib-watch',
8 verbose install     'grunt-favicons',
8 verbose install     'grunt-includes',
8 verbose install     'grunt-less-to-sass',
8 verbose install     'grunt-notify',
8 verbose install     'grunt-rev',
8 verbose install     'grunt-dev-update',
8 verbose install     'grunt-update-json',
8 verbose install     'grunt-usemin',
8 verbose install     'grunt-webfont',
8 verbose install     'load-grunt-tasks',
8 verbose install     'grunt-sass-convert' ] ]
9 info preinstall jaPedi@1.0.0
10 verbose readDependencies using package.json deps
11 verbose cache add [ 'sass-convert@^0.5.2', null ]
12 verbose cache add name=undefined spec="sass-convert@^0.5.2" args=["sass-convert@^0.5.2",null]
13 verbose parsed url { protocol: null,
13 verbose parsed url   slashes: null,
13 verbose parsed url   auth: null,
13 verbose parsed url   host: null,
13 verbose parsed url   port: null,
13 verbose parsed url   hostname: null,
13 verbose parsed url   hash: null,
13 verbose parsed url   search: null,
13 verbose parsed url   query: null,
13 verbose parsed url   pathname: 'sass-convert@%5E0.5.2',
13 verbose parsed url   path: 'sass-convert@%5E0.5.2',
13 verbose parsed url   href: 'sass-convert@%5E0.5.2' }
14 verbose cache add [ 'grunt@~0.4.5', null ]
15 verbose cache add name=undefined spec="grunt@~0.4.5" args=["grunt@~0.4.5",null]
16 verbose parsed url { protocol: null,
16 verbose parsed url   slashes: null,
16 verbose parsed url   auth: null,
16 verbose parsed url   host: null,
16 verbose parsed url   port: null,
16 verbose parsed url   hostname: null,
16 verbose parsed url   hash: null,
16 verbose parsed url   search: null,
16 verbose parsed url   query: null,
16 verbose parsed url   pathname: 'grunt@~0.4.5',
16 verbose parsed url   path: 'grunt@~0.4.5',
16 verbose parsed url   href: 'grunt@~0.4.5' }
17 verbose cache add [ 'grunt-banner@~0.6.0', null ]
18 verbose cache add name=undefined spec="grunt-banner@~0.6.0" args=["grunt-banner@~0.6.0",null]
19 verbose parsed url { protocol: null,
19 verbose parsed url   slashes: null,
19 verbose parsed url   auth: null,
19 verbose parsed url   host: null,
19 verbose parsed url   port: null,
19 verbose parsed url   hostname: null,
19 verbose parsed url   hash: null,
19 verbose parsed url   search: null,
19 verbose parsed url   query: null,
19 verbose parsed url   pathname: 'grunt-banner@~0.6.0',
19 verbose parsed url   path: 'grunt-banner@~0.6.0',
19 verbose parsed url   href: 'grunt-banner@~0.6.0' }
20 verbose cache add [ 'grunt-contrib-clean@^1.0.0', null ]
21 verbose cache add name=undefined spec="grunt-contrib-clean@^1.0.0" args=["grunt-contrib-clean@^1.0.0",null]
22 verbose parsed url { protocol: null,
22 verbose parsed url   slashes: null,
22 verbose parsed url   auth: null,
22 verbose parsed url   host: null,
22 verbose parsed url   port: null,
22 verbose parsed url   hostname: null,
22 verbose parsed url   hash: null,
22 verbose parsed url   search: null,
22 verbose parsed url   query: null,
22 verbose parsed url   pathname: 'grunt-contrib-clean@%5E1.0.0',
22 verbose parsed url   path: 'grunt-contrib-clean@%5E1.0.0',
22 verbose parsed url   href: 'grunt-contrib-clean@%5E1.0.0' }
23 verbose cache add [ 'grunt-contrib-compass@~1.1.0', null ]
24 verbose cache add name=undefined spec="grunt-contrib-compass@~1.1.0" args=["grunt-contrib-compass@~1.1.0",null]
25 verbose parsed url { protocol: null,
25 verbose parsed url   slashes: null,
25 verbose parsed url   auth: null,
25 verbose parsed url   host: null,
25 verbose parsed url   port: null,
25 verbose parsed url   hostname: null,
25 verbose parsed url   hash: null,
25 verbose parsed url   search: null,
25 verbose parsed url   query: null,
25 verbose parsed url   pathname: 'grunt-contrib-compass@~1.1.0',
25 verbose parsed url   path: 'grunt-contrib-compass@~1.1.0',
25 verbose parsed url   href: 'grunt-contrib-compass@~1.1.0' }
26 verbose cache add [ 'grunt-contrib-compress@~1.0.0', null ]
27 verbose cache add name=undefined spec="grunt-contrib-compress@~1.0.0" args=["grunt-contrib-compress@~1.0.0",null]
28 verbose parsed url { protocol: null,
28 verbose parsed url   slashes: null,
28 verbose parsed url   auth: null,
28 verbose parsed url   host: null,
28 verbose parsed url   port: null,
28 verbose parsed url   hostname: null,
28 verbose parsed url   hash: null,
28 verbose parsed url   search: null,
28 verbose parsed url   query: null,
28 verbose parsed url   pathname: 'grunt-contrib-compress@~1.0.0',
28 verbose parsed url   path: 'grunt-contrib-compress@~1.0.0',
28 verbose parsed url   href: 'grunt-contrib-compress@~1.0.0' }
29 verbose cache add [ 'grunt-contrib-concat@~1.0.0', null ]
30 verbose cache add name=undefined spec="grunt-contrib-concat@~1.0.0" args=["grunt-contrib-concat@~1.0.0",null]
31 verbose parsed url { protocol: null,
31 verbose parsed url   slashes: null,
31 verbose parsed url   auth: null,
31 verbose parsed url   host: null,
31 verbose parsed url   port: null,
31 verbose parsed url   hostname: null,
31 verbose parsed url   hash: null,
31 verbose parsed url   search: null,
31 verbose parsed url   query: null,
31 verbose parsed url   pathname: 'grunt-contrib-concat@~1.0.0',
31 verbose parsed url   path: 'grunt-contrib-concat@~1.0.0',
31 verbose parsed url   href: 'grunt-contrib-concat@~1.0.0' }
32 verbose cache add [ 'grunt-contrib-copy@~0.8.0', null ]
33 verbose cache add name=undefined spec="grunt-contrib-copy@~0.8.0" args=["grunt-contrib-copy@~0.8.0",null]
34 verbose parsed url { protocol: null,
34 verbose parsed url   slashes: null,
34 verbose parsed url   auth: null,
34 verbose parsed url   host: null,
34 verbose parsed url   port: null,
34 verbose parsed url   hostname: null,
34 verbose parsed url   hash: null,
34 verbose parsed url   search: null,
34 verbose parsed url   query: null,
34 verbose parsed url   pathname: 'grunt-contrib-copy@~0.8.0',
34 verbose parsed url   path: 'grunt-contrib-copy@~0.8.0',
34 verbose parsed url   href: 'grunt-contrib-copy@~0.8.0' }
35 verbose cache add [ 'grunt-contrib-csslint@~0.5.0', null ]
36 verbose cache add name=undefined spec="grunt-contrib-csslint@~0.5.0" args=["grunt-contrib-csslint@~0.5.0",null]
37 verbose parsed url { protocol: null,
37 verbose parsed url   slashes: null,
37 verbose parsed url   auth: null,
37 verbose parsed url   host: null,
37 verbose parsed url   port: null,
37 verbose parsed url   hostname: null,
37 verbose parsed url   hash: null,
37 verbose parsed url   search: null,
37 verbose parsed url   query: null,
37 verbose parsed url   pathname: 'grunt-contrib-csslint@~0.5.0',
37 verbose parsed url   path: 'grunt-contrib-csslint@~0.5.0',
37 verbose parsed url   href: 'grunt-contrib-csslint@~0.5.0' }
38 verbose cache add [ 'grunt-contrib-cssmin@~0.14.0', null ]
39 verbose cache add name=undefined spec="grunt-contrib-cssmin@~0.14.0" args=["grunt-contrib-cssmin@~0.14.0",null]
40 verbose parsed url { protocol: null,
40 verbose parsed url   slashes: null,
40 verbose parsed url   auth: null,
40 verbose parsed url   host: null,
40 verbose parsed url   port: null,
40 verbose parsed url   hostname: null,
40 verbose parsed url   hash: null,
40 verbose parsed url   search: null,
40 verbose parsed url   query: null,
40 verbose parsed url   pathname: 'grunt-contrib-cssmin@~0.14.0',
40 verbose parsed url   path: 'grunt-contrib-cssmin@~0.14.0',
40 verbose parsed url   href: 'grunt-contrib-cssmin@~0.14.0' }
41 verbose cache add [ 'grunt-contrib-htmlmin@~0.6.0', null ]
42 verbose cache add name=undefined spec="grunt-contrib-htmlmin@~0.6.0" args=["grunt-contrib-htmlmin@~0.6.0",null]
43 verbose parsed url { protocol: null,
43 verbose parsed url   slashes: null,
43 verbose parsed url   auth: null,
43 verbose parsed url   host: null,
43 verbose parsed url   port: null,
43 verbose parsed url   hostname: null,
43 verbose parsed url   hash: null,
43 verbose parsed url   search: null,
43 verbose parsed url   query: null,
43 verbose parsed url   pathname: 'grunt-contrib-htmlmin@~0.6.0',
43 verbose parsed url   path: 'grunt-contrib-htmlmin@~0.6.0',
43 verbose parsed url   href: 'grunt-contrib-htmlmin@~0.6.0' }
44 verbose cache add name="sass-convert" spec="^0.5.2" args=["sass-convert","^0.5.2"]
45 verbose parsed url { protocol: null,
45 verbose parsed url   slashes: null,
45 verbose parsed url   auth: null,
45 verbose parsed url   host: null,
45 verbose parsed url   port: null,
45 verbose parsed url   hostname: null,
45 verbose parsed url   hash: null,
45 verbose parsed url   search: null,
45 verbose parsed url   query: null,
45 verbose parsed url   pathname: '%5E0.5.2',
45 verbose parsed url   path: '%5E0.5.2',
45 verbose parsed url   href: '%5E0.5.2' }
46 verbose addNamed [ 'sass-convert', '^0.5.2' ]
47 verbose addNamed [ null, '>=0.5.2-0 <0.6.0-0' ]
48 verbose cache add name="grunt" spec="~0.4.5" args=["grunt","~0.4.5"]
49 verbose parsed url { protocol: null,
49 verbose parsed url   slashes: null,
49 verbose parsed url   auth: null,
49 verbose parsed url   host: null,
49 verbose parsed url   port: null,
49 verbose parsed url   hostname: null,
49 verbose parsed url   hash: null,
49 verbose parsed url   search: null,
49 verbose parsed url   query: null,
49 verbose parsed url   pathname: '~0.4.5',
49 verbose parsed url   path: '~0.4.5',
49 verbose parsed url   href: '~0.4.5' }
50 verbose addNamed [ 'grunt', '~0.4.5' ]
51 verbose addNamed [ null, '>=0.4.5-0 <0.5.0-0' ]
52 verbose cache add name="grunt-banner" spec="~0.6.0" args=["grunt-banner","~0.6.0"]
53 verbose parsed url { protocol: null,
53 verbose parsed url   slashes: null,
53 verbose parsed url   auth: null,
53 verbose parsed url   host: null,
53 verbose parsed url   port: null,
53 verbose parsed url   hostname: null,
53 verbose parsed url   hash: null,
53 verbose parsed url   search: null,
53 verbose parsed url   query: null,
53 verbose parsed url   pathname: '~0.6.0',
53 verbose parsed url   path: '~0.6.0',
53 verbose parsed url   href: '~0.6.0' }
54 verbose addNamed [ 'grunt-banner', '~0.6.0' ]
55 verbose addNamed [ null, '>=0.6.0-0 <0.7.0-0' ]
56 verbose cache add name="grunt-contrib-clean" spec="^1.0.0" args=["grunt-contrib-clean","^1.0.0"]
57 verbose parsed url { protocol: null,
57 verbose parsed url   slashes: null,
57 verbose parsed url   auth: null,
57 verbose parsed url   host: null,
57 verbose parsed url   port: null,
57 verbose parsed url   hostname: null,
57 verbose parsed url   hash: null,
57 verbose parsed url   search: null,
57 verbose parsed url   query: null,
57 verbose parsed url   pathname: '%5E1.0.0',
57 verbose parsed url   path: '%5E1.0.0',
57 verbose parsed url   href: '%5E1.0.0' }
58 verbose addNamed [ 'grunt-contrib-clean', '^1.0.0' ]
59 verbose addNamed [ null, '>=1.0.0-0 <2.0.0-0' ]
60 verbose cache add name="grunt-contrib-compass" spec="~1.1.0" args=["grunt-contrib-compass","~1.1.0"]
61 verbose parsed url { protocol: null,
61 verbose parsed url   slashes: null,
61 verbose parsed url   auth: null,
61 verbose parsed url   host: null,
61 verbose parsed url   port: null,
61 verbose parsed url   hostname: null,
61 verbose parsed url   hash: null,
61 verbose parsed url   search: null,
61 verbose parsed url   query: null,
61 verbose parsed url   pathname: '~1.1.0',
61 verbose parsed url   path: '~1.1.0',
61 verbose parsed url   href: '~1.1.0' }
62 verbose addNamed [ 'grunt-contrib-compass', '~1.1.0' ]
63 verbose addNamed [ null, '>=1.1.0-0 <1.2.0-0' ]
64 verbose cache add name="grunt-contrib-compress" spec="~1.0.0" args=["grunt-contrib-compress","~1.0.0"]
65 verbose parsed url { protocol: null,
65 verbose parsed url   slashes: null,
65 verbose parsed url   auth: null,
65 verbose parsed url   host: null,
65 verbose parsed url   port: null,
65 verbose parsed url   hostname: null,
65 verbose parsed url   hash: null,
65 verbose parsed url   search: null,
65 verbose parsed url   query: null,
65 verbose parsed url   pathname: '~1.0.0',
65 verbose parsed url   path: '~1.0.0',
65 verbose parsed url   href: '~1.0.0' }
66 verbose addNamed [ 'grunt-contrib-compress', '~1.0.0' ]
67 verbose addNamed [ null, '>=1.0.0-0 <1.1.0-0' ]
68 verbose cache add name="grunt-contrib-concat" spec="~1.0.0" args=["grunt-contrib-concat","~1.0.0"]
69 verbose parsed url { protocol: null,
69 verbose parsed url   slashes: null,
69 verbose parsed url   auth: null,
69 verbose parsed url   host: null,
69 verbose parsed url   port: null,
69 verbose parsed url   hostname: null,
69 verbose parsed url   hash: null,
69 verbose parsed url   search: null,
69 verbose parsed url   query: null,
69 verbose parsed url   pathname: '~1.0.0',
69 verbose parsed url   path: '~1.0.0',
69 verbose parsed url   href: '~1.0.0' }
70 verbose addNamed [ 'grunt-contrib-concat', '~1.0.0' ]
71 verbose addNamed [ null, '>=1.0.0-0 <1.1.0-0' ]
72 verbose cache add name="grunt-contrib-copy" spec="~0.8.0" args=["grunt-contrib-copy","~0.8.0"]
73 verbose parsed url { protocol: null,
73 verbose parsed url   slashes: null,
73 verbose parsed url   auth: null,
73 verbose parsed url   host: null,
73 verbose parsed url   port: null,
73 verbose parsed url   hostname: null,
73 verbose parsed url   hash: null,
73 verbose parsed url   search: null,
73 verbose parsed url   query: null,
73 verbose parsed url   pathname: '~0.8.0',
73 verbose parsed url   path: '~0.8.0',
73 verbose parsed url   href: '~0.8.0' }
74 verbose addNamed [ 'grunt-contrib-copy', '~0.8.0' ]
75 verbose addNamed [ null, '>=0.8.0-0 <0.9.0-0' ]
76 verbose cache add name="grunt-contrib-csslint" spec="~0.5.0" args=["grunt-contrib-csslint","~0.5.0"]
77 verbose parsed url { protocol: null,
77 verbose parsed url   slashes: null,
77 verbose parsed url   auth: null,
77 verbose parsed url   host: null,
77 verbose parsed url   port: null,
77 verbose parsed url   hostname: null,
77 verbose parsed url   hash: null,
77 verbose parsed url   search: null,
77 verbose parsed url   query: null,
77 verbose parsed url   pathname: '~0.5.0',
77 verbose parsed url   path: '~0.5.0',
77 verbose parsed url   href: '~0.5.0' }
78 verbose addNamed [ 'grunt-contrib-csslint', '~0.5.0' ]
79 verbose addNamed [ null, '>=0.5.0-0 <0.6.0-0' ]
80 verbose cache add name="grunt-contrib-cssmin" spec="~0.14.0" args=["grunt-contrib-cssmin","~0.14.0"]
81 verbose parsed url { protocol: null,
81 verbose parsed url   slashes: null,
81 verbose parsed url   auth: null,
81 verbose parsed url   host: null,
81 verbose parsed url   port: null,
81 verbose parsed url   hostname: null,
81 verbose parsed url   hash: null,
81 verbose parsed url   search: null,
81 verbose parsed url   query: null,
81 verbose parsed url   pathname: '~0.14.0',
81 verbose parsed url   path: '~0.14.0',
81 verbose parsed url   href: '~0.14.0' }
82 verbose addNamed [ 'grunt-contrib-cssmin', '~0.14.0' ]
83 verbose addNamed [ null, '>=0.14.0-0 <0.15.0-0' ]
84 verbose cache add [ 'grunt-contrib-imagemin@~1.0.0', null ]
85 verbose cache add name=undefined spec="grunt-contrib-imagemin@~1.0.0" args=["grunt-contrib-imagemin@~1.0.0",null]
86 verbose parsed url { protocol: null,
86 verbose parsed url   slashes: null,
86 verbose parsed url   auth: null,
86 verbose parsed url   host: null,
86 verbose parsed url   port: null,
86 verbose parsed url   hostname: null,
86 verbose parsed url   hash: null,
86 verbose parsed url   search: null,
86 verbose parsed url   query: null,
86 verbose parsed url   pathname: 'grunt-contrib-imagemin@~1.0.0',
86 verbose parsed url   path: 'grunt-contrib-imagemin@~1.0.0',
86 verbose parsed url   href: 'grunt-contrib-imagemin@~1.0.0' }
87 verbose cache add [ 'grunt-contrib-jshint@~1.0.0', null ]
88 verbose cache add name=undefined spec="grunt-contrib-jshint@~1.0.0" args=["grunt-contrib-jshint@~1.0.0",null]
89 verbose parsed url { protocol: null,
89 verbose parsed url   slashes: null,
89 verbose parsed url   auth: null,
89 verbose parsed url   host: null,
89 verbose parsed url   port: null,
89 verbose parsed url   hostname: null,
89 verbose parsed url   hash: null,
89 verbose parsed url   search: null,
89 verbose parsed url   query: null,
89 verbose parsed url   pathname: 'grunt-contrib-jshint@~1.0.0',
89 verbose parsed url   path: 'grunt-contrib-jshint@~1.0.0',
89 verbose parsed url   href: 'grunt-contrib-jshint@~1.0.0' }
90 verbose cache add [ 'grunt-contrib-sass@~0.9.2', null ]
91 verbose cache add name=undefined spec="grunt-contrib-sass@~0.9.2" args=["grunt-contrib-sass@~0.9.2",null]
92 verbose parsed url { protocol: null,
92 verbose parsed url   slashes: null,
92 verbose parsed url   auth: null,
92 verbose parsed url   host: null,
92 verbose parsed url   port: null,
92 verbose parsed url   hostname: null,
92 verbose parsed url   hash: null,
92 verbose parsed url   search: null,
92 verbose parsed url   query: null,
92 verbose parsed url   pathname: 'grunt-contrib-sass@~0.9.2',
92 verbose parsed url   path: 'grunt-contrib-sass@~0.9.2',
92 verbose parsed url   href: 'grunt-contrib-sass@~0.9.2' }
93 verbose cache add [ 'grunt-contrib-uglify@~0.11.1', null ]
94 verbose cache add name=undefined spec="grunt-contrib-uglify@~0.11.1" args=["grunt-contrib-uglify@~0.11.1",null]
95 verbose parsed url { protocol: null,
95 verbose parsed url   slashes: null,
95 verbose parsed url   auth: null,
95 verbose parsed url   host: null,
95 verbose parsed url   port: null,
95 verbose parsed url   hostname: null,
95 verbose parsed url   hash: null,
95 verbose parsed url   search: null,
95 verbose parsed url   query: null,
95 verbose parsed url   pathname: 'grunt-contrib-uglify@~0.11.1',
95 verbose parsed url   path: 'grunt-contrib-uglify@~0.11.1',
95 verbose parsed url   href: 'grunt-contrib-uglify@~0.11.1' }
96 verbose cache add [ 'grunt-contrib-watch@~0.6.1', null ]
97 verbose cache add name=undefined spec="grunt-contrib-watch@~0.6.1" args=["grunt-contrib-watch@~0.6.1",null]
98 verbose parsed url { protocol: null,
98 verbose parsed url   slashes: null,
98 verbose parsed url   auth: null,
98 verbose parsed url   host: null,
98 verbose parsed url   port: null,
98 verbose parsed url   hostname: null,
98 verbose parsed url   hash: null,
98 verbose parsed url   search: null,
98 verbose parsed url   query: null,
98 verbose parsed url   pathname: 'grunt-contrib-watch@~0.6.1',
98 verbose parsed url   path: 'grunt-contrib-watch@~0.6.1',
98 verbose parsed url   href: 'grunt-contrib-watch@~0.6.1' }
99 verbose cache add [ 'grunt-favicons@^0.7.0', null ]
100 verbose cache add name=undefined spec="grunt-favicons@^0.7.0" args=["grunt-favicons@^0.7.0",null]
101 verbose parsed url { protocol: null,
101 verbose parsed url   slashes: null,
101 verbose parsed url   auth: null,
101 verbose parsed url   host: null,
101 verbose parsed url   port: null,
101 verbose parsed url   hostname: null,
101 verbose parsed url   hash: null,
101 verbose parsed url   search: null,
101 verbose parsed url   query: null,
101 verbose parsed url   pathname: 'grunt-favicons@%5E0.7.0',
101 verbose parsed url   path: 'grunt-favicons@%5E0.7.0',
101 verbose parsed url   href: 'grunt-favicons@%5E0.7.0' }
102 verbose cache add [ 'grunt-includes@^0.5.3', null ]
103 verbose cache add name=undefined spec="grunt-includes@^0.5.3" args=["grunt-includes@^0.5.3",null]
104 verbose parsed url { protocol: null,
104 verbose parsed url   slashes: null,
104 verbose parsed url   auth: null,
104 verbose parsed url   host: null,
104 verbose parsed url   port: null,
104 verbose parsed url   hostname: null,
104 verbose parsed url   hash: null,
104 verbose parsed url   search: null,
104 verbose parsed url   query: null,
104 verbose parsed url   pathname: 'grunt-includes@%5E0.5.3',
104 verbose parsed url   path: 'grunt-includes@%5E0.5.3',
104 verbose parsed url   href: 'grunt-includes@%5E0.5.3' }
105 verbose cache add [ 'grunt-less-to-sass@0.0.10', null ]
106 verbose cache add name=undefined spec="grunt-less-to-sass@0.0.10" args=["grunt-less-to-sass@0.0.10",null]
107 verbose parsed url { protocol: null,
107 verbose parsed url   slashes: null,
107 verbose parsed url   auth: null,
107 verbose parsed url   host: null,
107 verbose parsed url   port: null,
107 verbose parsed url   hostname: null,
107 verbose parsed url   hash: null,
107 verbose parsed url   search: null,
107 verbose parsed url   query: null,
107 verbose parsed url   pathname: 'grunt-less-to-sass@0.0.10',
107 verbose parsed url   path: 'grunt-less-to-sass@0.0.10',
107 verbose parsed url   href: 'grunt-less-to-sass@0.0.10' }
108 verbose cache add [ 'grunt-notify@^0.4.3', null ]
109 verbose cache add name=undefined spec="grunt-notify@^0.4.3" args=["grunt-notify@^0.4.3",null]
110 verbose parsed url { protocol: null,
110 verbose parsed url   slashes: null,
110 verbose parsed url   auth: null,
110 verbose parsed url   host: null,
110 verbose parsed url   port: null,
110 verbose parsed url   hostname: null,
110 verbose parsed url   hash: null,
110 verbose parsed url   search: null,
110 verbose parsed url   query: null,
110 verbose parsed url   pathname: 'grunt-notify@%5E0.4.3',
110 verbose parsed url   path: 'grunt-notify@%5E0.4.3',
110 verbose parsed url   href: 'grunt-notify@%5E0.4.3' }
111 verbose cache add [ 'grunt-rev@^0.1.0', null ]
112 verbose cache add name=undefined spec="grunt-rev@^0.1.0" args=["grunt-rev@^0.1.0",null]
113 verbose parsed url { protocol: null,
113 verbose parsed url   slashes: null,
113 verbose parsed url   auth: null,
113 verbose parsed url   host: null,
113 verbose parsed url   port: null,
113 verbose parsed url   hostname: null,
113 verbose parsed url   hash: null,
113 verbose parsed url   search: null,
113 verbose parsed url   query: null,
113 verbose parsed url   pathname: 'grunt-rev@%5E0.1.0',
113 verbose parsed url   path: 'grunt-rev@%5E0.1.0',
113 verbose parsed url   href: 'grunt-rev@%5E0.1.0' }
114 verbose cache add [ 'grunt-dev-update@^1.3.0', null ]
115 verbose cache add name=undefined spec="grunt-dev-update@^1.3.0" args=["grunt-dev-update@^1.3.0",null]
116 verbose parsed url { protocol: null,
116 verbose parsed url   slashes: null,
116 verbose parsed url   auth: null,
116 verbose parsed url   host: null,
116 verbose parsed url   port: null,
116 verbose parsed url   hostname: null,
116 verbose parsed url   hash: null,
116 verbose parsed url   search: null,
116 verbose parsed url   query: null,
116 verbose parsed url   pathname: 'grunt-dev-update@%5E1.3.0',
116 verbose parsed url   path: 'grunt-dev-update@%5E1.3.0',
116 verbose parsed url   href: 'grunt-dev-update@%5E1.3.0' }
117 verbose cache add [ 'grunt-update-json@^0.2.1', null ]
118 verbose cache add name=undefined spec="grunt-update-json@^0.2.1" args=["grunt-update-json@^0.2.1",null]
119 verbose parsed url { protocol: null,
119 verbose parsed url   slashes: null,
119 verbose parsed url   auth: null,
119 verbose parsed url   host: null,
119 verbose parsed url   port: null,
119 verbose parsed url   hostname: null,
119 verbose parsed url   hash: null,
119 verbose parsed url   search: null,
119 verbose parsed url   query: null,
119 verbose parsed url   pathname: 'grunt-update-json@%5E0.2.1',
119 verbose parsed url   path: 'grunt-update-json@%5E0.2.1',
119 verbose parsed url   href: 'grunt-update-json@%5E0.2.1' }
120 verbose cache add [ 'grunt-usemin@^3.1.1', null ]
121 verbose cache add name=undefined spec="grunt-usemin@^3.1.1" args=["grunt-usemin@^3.1.1",null]
122 verbose parsed url { protocol: null,
122 verbose parsed url   slashes: null,
122 verbose parsed url   auth: null,
122 verbose parsed url   host: null,
122 verbose parsed url   port: null,
122 verbose parsed url   hostname: null,
122 verbose parsed url   hash: null,
122 verbose parsed url   search: null,
122 verbose parsed url   query: null,
122 verbose parsed url   pathname: 'grunt-usemin@%5E3.1.1',
122 verbose parsed url   path: 'grunt-usemin@%5E3.1.1',
122 verbose parsed url   href: 'grunt-usemin@%5E3.1.1' }
123 verbose cache add [ 'grunt-webfont@^1.1.0', null ]
124 verbose cache add name=undefined spec="grunt-webfont@^1.1.0" args=["grunt-webfont@^1.1.0",null]
125 verbose parsed url { protocol: null,
125 verbose parsed url   slashes: null,
125 verbose parsed url   auth: null,
125 verbose parsed url   host: null,
125 verbose parsed url   port: null,
125 verbose parsed url   hostname: null,
125 verbose parsed url   hash: null,
125 verbose parsed url   search: null,
125 verbose parsed url   query: null,
125 verbose parsed url   pathname: 'grunt-webfont@%5E1.1.0',
125 verbose parsed url   path: 'grunt-webfont@%5E1.1.0',
125 verbose parsed url   href: 'grunt-webfont@%5E1.1.0' }
126 verbose cache add [ 'load-grunt-tasks@^3.4.0', null ]
127 verbose cache add name=undefined spec="load-grunt-tasks@^3.4.0" args=["load-grunt-tasks@^3.4.0",null]
128 verbose parsed url { protocol: null,
128 verbose parsed url   slashes: null,
128 verbose parsed url   auth: null,
128 verbose parsed url   host: null,
128 verbose parsed url   port: null,
128 verbose parsed url   hostname: null,
128 verbose parsed url   hash: null,
128 verbose parsed url   search: null,
128 verbose parsed url   query: null,
128 verbose parsed url   pathname: 'load-grunt-tasks@%5E3.4.0',
128 verbose parsed url   path: 'load-grunt-tasks@%5E3.4.0',
128 verbose parsed url   href: 'load-grunt-tasks@%5E3.4.0' }
129 verbose cache add [ 'grunt-sass-convert@^0.3.0', null ]
130 verbose cache add name=undefined spec="grunt-sass-convert@^0.3.0" args=["grunt-sass-convert@^0.3.0",null]
131 verbose parsed url { protocol: null,
131 verbose parsed url   slashes: null,
131 verbose parsed url   auth: null,
131 verbose parsed url   host: null,
131 verbose parsed url   port: null,
131 verbose parsed url   hostname: null,
131 verbose parsed url   hash: null,
131 verbose parsed url   search: null,
131 verbose parsed url   query: null,
131 verbose parsed url   pathname: 'grunt-sass-convert@%5E0.3.0',
131 verbose parsed url   path: 'grunt-sass-convert@%5E0.3.0',
131 verbose parsed url   href: 'grunt-sass-convert@%5E0.3.0' }
132 verbose cache add name="grunt-contrib-htmlmin" spec="~0.6.0" args=["grunt-contrib-htmlmin","~0.6.0"]
133 verbose parsed url { protocol: null,
133 verbose parsed url   slashes: null,
133 verbose parsed url   auth: null,
133 verbose parsed url   host: null,
133 verbose parsed url   port: null,
133 verbose parsed url   hostname: null,
133 verbose parsed url   hash: null,
133 verbose parsed url   search: null,
133 verbose parsed url   query: null,
133 verbose parsed url   pathname: '~0.6.0',
133 verbose parsed url   path: '~0.6.0',
133 verbose parsed url   href: '~0.6.0' }
134 verbose addNamed [ 'grunt-contrib-htmlmin', '~0.6.0' ]
135 verbose addNamed [ null, '>=0.6.0-0 <0.7.0-0' ]
136 verbose cache add name="grunt-contrib-imagemin" spec="~1.0.0" args=["grunt-contrib-imagemin","~1.0.0"]
137 verbose parsed url { protocol: null,
137 verbose parsed url   slashes: null,
137 verbose parsed url   auth: null,
137 verbose parsed url   host: null,
137 verbose parsed url   port: null,
137 verbose parsed url   hostname: null,
137 verbose parsed url   hash: null,
137 verbose parsed url   search: null,
137 verbose parsed url   query: null,
137 verbose parsed url   pathname: '~1.0.0',
137 verbose parsed url   path: '~1.0.0',
137 verbose parsed url   href: '~1.0.0' }
138 verbose addNamed [ 'grunt-contrib-imagemin', '~1.0.0' ]
139 verbose addNamed [ null, '>=1.0.0-0 <1.1.0-0' ]
140 verbose cache add name="grunt-contrib-jshint" spec="~1.0.0" args=["grunt-contrib-jshint","~1.0.0"]
141 verbose parsed url { protocol: null,
141 verbose parsed url   slashes: null,
141 verbose parsed url   auth: null,
141 verbose parsed url   host: null,
141 verbose parsed url   port: null,
141 verbose parsed url   hostname: null,
141 verbose parsed url   hash: null,
141 verbose parsed url   search: null,
141 verbose parsed url   query: null,
141 verbose parsed url   pathname: '~1.0.0',
141 verbose parsed url   path: '~1.0.0',
141 verbose parsed url   href: '~1.0.0' }
142 verbose addNamed [ 'grunt-contrib-jshint', '~1.0.0' ]
143 verbose addNamed [ null, '>=1.0.0-0 <1.1.0-0' ]
144 verbose cache add name="grunt-contrib-sass" spec="~0.9.2" args=["grunt-contrib-sass","~0.9.2"]
145 verbose parsed url { protocol: null,
145 verbose parsed url   slashes: null,
145 verbose parsed url   auth: null,
145 verbose parsed url   host: null,
145 verbose parsed url   port: null,
145 verbose parsed url   hostname: null,
145 verbose parsed url   hash: null,
145 verbose parsed url   search: null,
145 verbose parsed url   query: null,
145 verbose parsed url   pathname: '~0.9.2',
145 verbose parsed url   path: '~0.9.2',
145 verbose parsed url   href: '~0.9.2' }
146 verbose addNamed [ 'grunt-contrib-sass', '~0.9.2' ]
147 verbose addNamed [ null, '>=0.9.2-0 <0.10.0-0' ]
148 verbose cache add name="grunt-contrib-uglify" spec="~0.11.1" args=["grunt-contrib-uglify","~0.11.1"]
149 verbose parsed url { protocol: null,
149 verbose parsed url   slashes: null,
149 verbose parsed url   auth: null,
149 verbose parsed url   host: null,
149 verbose parsed url   port: null,
149 verbose parsed url   hostname: null,
149 verbose parsed url   hash: null,
149 verbose parsed url   search: null,
149 verbose parsed url   query: null,
149 verbose parsed url   pathname: '~0.11.1',
149 verbose parsed url   path: '~0.11.1',
149 verbose parsed url   href: '~0.11.1' }
150 verbose addNamed [ 'grunt-contrib-uglify', '~0.11.1' ]
151 verbose addNamed [ null, '>=0.11.1-0 <0.12.0-0' ]
152 verbose cache add name="grunt-contrib-watch" spec="~0.6.1" args=["grunt-contrib-watch","~0.6.1"]
153 verbose parsed url { protocol: null,
153 verbose parsed url   slashes: null,
153 verbose parsed url   auth: null,
153 verbose parsed url   host: null,
153 verbose parsed url   port: null,
153 verbose parsed url   hostname: null,
153 verbose parsed url   hash: null,
153 verbose parsed url   search: null,
153 verbose parsed url   query: null,
153 verbose parsed url   pathname: '~0.6.1',
153 verbose parsed url   path: '~0.6.1',
153 verbose parsed url   href: '~0.6.1' }
154 verbose addNamed [ 'grunt-contrib-watch', '~0.6.1' ]
155 verbose addNamed [ null, '>=0.6.1-0 <0.7.0-0' ]
156 verbose cache add name="grunt-favicons" spec="^0.7.0" args=["grunt-favicons","^0.7.0"]
157 verbose parsed url { protocol: null,
157 verbose parsed url   slashes: null,
157 verbose parsed url   auth: null,
157 verbose parsed url   host: null,
157 verbose parsed url   port: null,
157 verbose parsed url   hostname: null,
157 verbose parsed url   hash: null,
157 verbose parsed url   search: null,
157 verbose parsed url   query: null,
157 verbose parsed url   pathname: '%5E0.7.0',
157 verbose parsed url   path: '%5E0.7.0',
157 verbose parsed url   href: '%5E0.7.0' }
158 verbose addNamed [ 'grunt-favicons', '^0.7.0' ]
159 verbose addNamed [ null, '>=0.7.0-0 <0.8.0-0' ]
160 silly lockFile 3da98307-sass-convert-0-5-2 sass-convert@^0.5.2
161 verbose lock sass-convert@^0.5.2 /home/valter/.npm/3da98307-sass-convert-0-5-2.lock
162 silly lockFile 240974bb-grunt-0-4-5 grunt@~0.4.5
163 verbose lock grunt@~0.4.5 /home/valter/.npm/240974bb-grunt-0-4-5.lock
164 silly lockFile c47b2d72-grunt-banner-0-6-0 grunt-banner@~0.6.0
165 verbose lock grunt-banner@~0.6.0 /home/valter/.npm/c47b2d72-grunt-banner-0-6-0.lock
166 silly lockFile f2d32751-grunt-contrib-clean-1-0-0 grunt-contrib-clean@^1.0.0
167 verbose lock grunt-contrib-clean@^1.0.0 /home/valter/.npm/f2d32751-grunt-contrib-clean-1-0-0.lock
168 silly lockFile d57abdd7-grunt-contrib-compass-1-1-0 grunt-contrib-compass@~1.1.0
169 verbose lock grunt-contrib-compass@~1.1.0 /home/valter/.npm/d57abdd7-grunt-contrib-compass-1-1-0.lock
170 silly lockFile 20caa5aa-grunt-contrib-compress-1-0-0 grunt-contrib-compress@~1.0.0
171 verbose lock grunt-contrib-compress@~1.0.0 /home/valter/.npm/20caa5aa-grunt-contrib-compress-1-0-0.lock
172 silly lockFile bdb3cb13-grunt-contrib-concat-1-0-0 grunt-contrib-concat@~1.0.0
173 verbose lock grunt-contrib-concat@~1.0.0 /home/valter/.npm/bdb3cb13-grunt-contrib-concat-1-0-0.lock
174 silly lockFile 0e8a5e90-grunt-contrib-copy-0-8-0 grunt-contrib-copy@~0.8.0
175 verbose lock grunt-contrib-copy@~0.8.0 /home/valter/.npm/0e8a5e90-grunt-contrib-copy-0-8-0.lock
176 silly lockFile d3fc6c13-grunt-contrib-csslint-0-5-0 grunt-contrib-csslint@~0.5.0
177 verbose lock grunt-contrib-csslint@~0.5.0 /home/valter/.npm/d3fc6c13-grunt-contrib-csslint-0-5-0.lock
178 silly lockFile bee8b70b-grunt-contrib-cssmin-0-14-0 grunt-contrib-cssmin@~0.14.0
179 verbose lock grunt-contrib-cssmin@~0.14.0 /home/valter/.npm/bee8b70b-grunt-contrib-cssmin-0-14-0.lock
180 silly lockFile 80955fb5-grunt-contrib-htmlmin-0-6-0 grunt-contrib-htmlmin@~0.6.0
181 verbose lock grunt-contrib-htmlmin@~0.6.0 /home/valter/.npm/80955fb5-grunt-contrib-htmlmin-0-6-0.lock
182 silly lockFile b5b08a54-grunt-contrib-imagemin-1-0-0 grunt-contrib-imagemin@~1.0.0
183 verbose lock grunt-contrib-imagemin@~1.0.0 /home/valter/.npm/b5b08a54-grunt-contrib-imagemin-1-0-0.lock
184 silly lockFile 6a9fc85c-grunt-contrib-jshint-1-0-0 grunt-contrib-jshint@~1.0.0
185 verbose lock grunt-contrib-jshint@~1.0.0 /home/valter/.npm/6a9fc85c-grunt-contrib-jshint-1-0-0.lock
186 silly lockFile d0571b64-grunt-contrib-sass-0-9-2 grunt-contrib-sass@~0.9.2
187 verbose lock grunt-contrib-sass@~0.9.2 /home/valter/.npm/d0571b64-grunt-contrib-sass-0-9-2.lock
188 silly lockFile 1c80e1a0-grunt-contrib-uglify-0-11-1 grunt-contrib-uglify@~0.11.1
189 verbose lock grunt-contrib-uglify@~0.11.1 /home/valter/.npm/1c80e1a0-grunt-contrib-uglify-0-11-1.lock
190 silly lockFile 82ce6ec8-grunt-contrib-watch-0-6-1 grunt-contrib-watch@~0.6.1
191 verbose lock grunt-contrib-watch@~0.6.1 /home/valter/.npm/82ce6ec8-grunt-contrib-watch-0-6-1.lock
192 silly lockFile 218ca153-grunt-favicons-0-7-0 grunt-favicons@^0.7.0
193 verbose lock grunt-favicons@^0.7.0 /home/valter/.npm/218ca153-grunt-favicons-0-7-0.lock
194 verbose cache add name="grunt-includes" spec="^0.5.3" args=["grunt-includes","^0.5.3"]
195 verbose parsed url { protocol: null,
195 verbose parsed url   slashes: null,
195 verbose parsed url   auth: null,
195 verbose parsed url   host: null,
195 verbose parsed url   port: null,
195 verbose parsed url   hostname: null,
195 verbose parsed url   hash: null,
195 verbose parsed url   search: null,
195 verbose parsed url   query: null,
195 verbose parsed url   pathname: '%5E0.5.3',
195 verbose parsed url   path: '%5E0.5.3',
195 verbose parsed url   href: '%5E0.5.3' }
196 verbose addNamed [ 'grunt-includes', '^0.5.3' ]
197 verbose addNamed [ null, '>=0.5.3-0 <0.6.0-0' ]
198 silly lockFile 8d4a77a6-grunt-includes-0-5-3 grunt-includes@^0.5.3
199 verbose lock grunt-includes@^0.5.3 /home/valter/.npm/8d4a77a6-grunt-includes-0-5-3.lock
200 verbose cache add name="grunt-less-to-sass" spec="0.0.10" args=["grunt-less-to-sass","0.0.10"]
201 verbose parsed url { protocol: null,
201 verbose parsed url   slashes: null,
201 verbose parsed url   auth: null,
201 verbose parsed url   host: null,
201 verbose parsed url   port: null,
201 verbose parsed url   hostname: null,
201 verbose parsed url   hash: null,
201 verbose parsed url   search: null,
201 verbose parsed url   query: null,
201 verbose parsed url   pathname: '0.0.10',
201 verbose parsed url   path: '0.0.10',
201 verbose parsed url   href: '0.0.10' }
202 verbose addNamed [ 'grunt-less-to-sass', '0.0.10' ]
203 verbose addNamed [ '0.0.10', '0.0.10' ]
204 silly lockFile 2f278502-grunt-less-to-sass-0-0-10 grunt-less-to-sass@0.0.10
205 verbose lock grunt-less-to-sass@0.0.10 /home/valter/.npm/2f278502-grunt-less-to-sass-0-0-10.lock
206 verbose cache add name="grunt-notify" spec="^0.4.3" args=["grunt-notify","^0.4.3"]
207 verbose parsed url { protocol: null,
207 verbose parsed url   slashes: null,
207 verbose parsed url   auth: null,
207 verbose parsed url   host: null,
207 verbose parsed url   port: null,
207 verbose parsed url   hostname: null,
207 verbose parsed url   hash: null,
207 verbose parsed url   search: null,
207 verbose parsed url   query: null,
207 verbose parsed url   pathname: '%5E0.4.3',
207 verbose parsed url   path: '%5E0.4.3',
207 verbose parsed url   href: '%5E0.4.3' }
208 verbose addNamed [ 'grunt-notify', '^0.4.3' ]
209 verbose addNamed [ null, '>=0.4.3-0 <0.5.0-0' ]
210 silly lockFile 1c1454e5-grunt-notify-0-4-3 grunt-notify@^0.4.3
211 verbose lock grunt-notify@^0.4.3 /home/valter/.npm/1c1454e5-grunt-notify-0-4-3.lock
212 verbose cache add name="grunt-rev" spec="^0.1.0" args=["grunt-rev","^0.1.0"]
213 verbose parsed url { protocol: null,
213 verbose parsed url   slashes: null,
213 verbose parsed url   auth: null,
213 verbose parsed url   host: null,
213 verbose parsed url   port: null,
213 verbose parsed url   hostname: null,
213 verbose parsed url   hash: null,
213 verbose parsed url   search: null,
213 verbose parsed url   query: null,
213 verbose parsed url   pathname: '%5E0.1.0',
213 verbose parsed url   path: '%5E0.1.0',
213 verbose parsed url   href: '%5E0.1.0' }
214 verbose addNamed [ 'grunt-rev', '^0.1.0' ]
215 verbose addNamed [ null, '>=0.1.0-0 <0.2.0-0' ]
216 silly lockFile 85436e72-grunt-rev-0-1-0 grunt-rev@^0.1.0
217 verbose lock grunt-rev@^0.1.0 /home/valter/.npm/85436e72-grunt-rev-0-1-0.lock
218 verbose cache add name="grunt-dev-update" spec="^1.3.0" args=["grunt-dev-update","^1.3.0"]
219 verbose parsed url { protocol: null,
219 verbose parsed url   slashes: null,
219 verbose parsed url   auth: null,
219 verbose parsed url   host: null,
219 verbose parsed url   port: null,
219 verbose parsed url   hostname: null,
219 verbose parsed url   hash: null,
219 verbose parsed url   search: null,
219 verbose parsed url   query: null,
219 verbose parsed url   pathname: '%5E1.3.0',
219 verbose parsed url   path: '%5E1.3.0',
219 verbose parsed url   href: '%5E1.3.0' }
220 verbose addNamed [ 'grunt-dev-update', '^1.3.0' ]
221 verbose addNamed [ null, '>=1.3.0-0 <2.0.0-0' ]
222 silly lockFile 72eb75e2-grunt-dev-update-1-3-0 grunt-dev-update@^1.3.0
223 verbose lock grunt-dev-update@^1.3.0 /home/valter/.npm/72eb75e2-grunt-dev-update-1-3-0.lock
224 verbose cache add name="grunt-update-json" spec="^0.2.1" args=["grunt-update-json","^0.2.1"]
225 verbose parsed url { protocol: null,
225 verbose parsed url   slashes: null,
225 verbose parsed url   auth: null,
225 verbose parsed url   host: null,
225 verbose parsed url   port: null,
225 verbose parsed url   hostname: null,
225 verbose parsed url   hash: null,
225 verbose parsed url   search: null,
225 verbose parsed url   query: null,
225 verbose parsed url   pathname: '%5E0.2.1',
225 verbose parsed url   path: '%5E0.2.1',
225 verbose parsed url   href: '%5E0.2.1' }
226 verbose addNamed [ 'grunt-update-json', '^0.2.1' ]
227 verbose addNamed [ null, '>=0.2.1-0 <0.3.0-0' ]
228 silly lockFile 5c02abe5-grunt-update-json-0-2-1 grunt-update-json@^0.2.1
229 verbose lock grunt-update-json@^0.2.1 /home/valter/.npm/5c02abe5-grunt-update-json-0-2-1.lock
230 verbose cache add name="grunt-usemin" spec="^3.1.1" args=["grunt-usemin","^3.1.1"]
231 verbose parsed url { protocol: null,
231 verbose parsed url   slashes: null,
231 verbose parsed url   auth: null,
231 verbose parsed url   host: null,
231 verbose parsed url   port: null,
231 verbose parsed url   hostname: null,
231 verbose parsed url   hash: null,
231 verbose parsed url   search: null,
231 verbose parsed url   query: null,
231 verbose parsed url   pathname: '%5E3.1.1',
231 verbose parsed url   path: '%5E3.1.1',
231 verbose parsed url   href: '%5E3.1.1' }
232 verbose addNamed [ 'grunt-usemin', '^3.1.1' ]
233 verbose addNamed [ null, '>=3.1.1-0 <4.0.0-0' ]
234 silly lockFile c4f73ac8-grunt-usemin-3-1-1 grunt-usemin@^3.1.1
235 verbose lock grunt-usemin@^3.1.1 /home/valter/.npm/c4f73ac8-grunt-usemin-3-1-1.lock
236 verbose cache add name="grunt-webfont" spec="^1.1.0" args=["grunt-webfont","^1.1.0"]
237 verbose parsed url { protocol: null,
237 verbose parsed url   slashes: null,
237 verbose parsed url   auth: null,
237 verbose parsed url   host: null,
237 verbose parsed url   port: null,
237 verbose parsed url   hostname: null,
237 verbose parsed url   hash: null,
237 verbose parsed url   search: null,
237 verbose parsed url   query: null,
237 verbose parsed url   pathname: '%5E1.1.0',
237 verbose parsed url   path: '%5E1.1.0',
237 verbose parsed url   href: '%5E1.1.0' }
238 verbose addNamed [ 'grunt-webfont', '^1.1.0' ]
239 verbose addNamed [ null, '>=1.1.0-0 <2.0.0-0' ]
240 silly lockFile 2080cbff-grunt-webfont-1-1-0 grunt-webfont@^1.1.0
241 verbose lock grunt-webfont@^1.1.0 /home/valter/.npm/2080cbff-grunt-webfont-1-1-0.lock
242 verbose cache add name="load-grunt-tasks" spec="^3.4.0" args=["load-grunt-tasks","^3.4.0"]
243 verbose parsed url { protocol: null,
243 verbose parsed url   slashes: null,
243 verbose parsed url   auth: null,
243 verbose parsed url   host: null,
243 verbose parsed url   port: null,
243 verbose parsed url   hostname: null,
243 verbose parsed url   hash: null,
243 verbose parsed url   search: null,
243 verbose parsed url   query: null,
243 verbose parsed url   pathname: '%5E3.4.0',
243 verbose parsed url   path: '%5E3.4.0',
243 verbose parsed url   href: '%5E3.4.0' }
244 verbose addNamed [ 'load-grunt-tasks', '^3.4.0' ]
245 verbose addNamed [ null, '>=3.4.0-0 <4.0.0-0' ]
246 silly lockFile 27647364-load-grunt-tasks-3-4-0 load-grunt-tasks@^3.4.0
247 verbose lock load-grunt-tasks@^3.4.0 /home/valter/.npm/27647364-load-grunt-tasks-3-4-0.lock
248 verbose cache add name="grunt-sass-convert" spec="^0.3.0" args=["grunt-sass-convert","^0.3.0"]
249 verbose parsed url { protocol: null,
249 verbose parsed url   slashes: null,
249 verbose parsed url   auth: null,
249 verbose parsed url   host: null,
249 verbose parsed url   port: null,
249 verbose parsed url   hostname: null,
249 verbose parsed url   hash: null,
249 verbose parsed url   search: null,
249 verbose parsed url   query: null,
249 verbose parsed url   pathname: '%5E0.3.0',
249 verbose parsed url   path: '%5E0.3.0',
249 verbose parsed url   href: '%5E0.3.0' }
250 verbose addNamed [ 'grunt-sass-convert', '^0.3.0' ]
251 verbose addNamed [ null, '>=0.3.0-0 <0.4.0-0' ]
252 silly lockFile 5d524aaa-grunt-sass-convert-0-3-0 grunt-sass-convert@^0.3.0
253 verbose lock grunt-sass-convert@^0.3.0 /home/valter/.npm/5d524aaa-grunt-sass-convert-0-3-0.lock
254 silly addNameRange { name: 'sass-convert',
254 silly addNameRange   range: '>=0.5.2-0 <0.6.0-0',
254 silly addNameRange   hasData: false }
255 silly addNameRange { name: 'grunt-contrib-compass',
255 silly addNameRange   range: '>=1.1.0-0 <1.2.0-0',
255 silly addNameRange   hasData: false }
256 silly addNameRange { name: 'grunt-contrib-compress',
256 silly addNameRange   range: '>=1.0.0-0 <1.1.0-0',
256 silly addNameRange   hasData: false }
257 silly addNameRange { name: 'grunt', range: '>=0.4.5-0 <0.5.0-0', hasData: false }
258 silly addNameRange { name: 'grunt-contrib-copy',
258 silly addNameRange   range: '>=0.8.0-0 <0.9.0-0',
258 silly addNameRange   hasData: false }
259 silly addNameRange { name: 'grunt-contrib-csslint',
259 silly addNameRange   range: '>=0.5.0-0 <0.6.0-0',
259 silly addNameRange   hasData: false }
260 silly addNameRange { name: 'grunt-contrib-cssmin',
260 silly addNameRange   range: '>=0.14.0-0 <0.15.0-0',
260 silly addNameRange   hasData: false }
261 silly addNameRange { name: 'grunt-contrib-htmlmin',
261 silly addNameRange   range: '>=0.6.0-0 <0.7.0-0',
261 silly addNameRange   hasData: false }
262 silly addNameRange { name: 'grunt-contrib-imagemin',
262 silly addNameRange   range: '>=1.0.0-0 <1.1.0-0',
262 silly addNameRange   hasData: false }
263 silly addNameRange { name: 'grunt-contrib-jshint',
263 silly addNameRange   range: '>=1.0.0-0 <1.1.0-0',
263 silly addNameRange   hasData: false }
264 silly addNameRange { name: 'grunt-contrib-sass',
264 silly addNameRange   range: '>=0.9.2-0 <0.10.0-0',
264 silly addNameRange   hasData: false }
265 silly addNameRange { name: 'grunt-banner',
265 silly addNameRange   range: '>=0.6.0-0 <0.7.0-0',
265 silly addNameRange   hasData: false }
266 silly addNameRange { name: 'grunt-contrib-uglify',
266 silly addNameRange   range: '>=0.11.1-0 <0.12.0-0',
266 silly addNameRange   hasData: false }
267 silly addNameRange { name: 'grunt-contrib-watch',
267 silly addNameRange   range: '>=0.6.1-0 <0.7.0-0',
267 silly addNameRange   hasData: false }
268 silly addNameRange { name: 'grunt-favicons',
268 silly addNameRange   range: '>=0.7.0-0 <0.8.0-0',
268 silly addNameRange   hasData: false }
269 silly addNameRange { name: 'grunt-contrib-clean',
269 silly addNameRange   range: '>=1.0.0-0 <2.0.0-0',
269 silly addNameRange   hasData: false }
270 silly addNameRange { name: 'grunt-rev',
270 silly addNameRange   range: '>=0.1.0-0 <0.2.0-0',
270 silly addNameRange   hasData: false }
271 silly addNameRange { name: 'grunt-dev-update',
271 silly addNameRange   range: '>=1.3.0-0 <2.0.0-0',
271 silly addNameRange   hasData: false }
272 silly addNameRange { name: 'grunt-update-json',
272 silly addNameRange   range: '>=0.2.1-0 <0.3.0-0',
272 silly addNameRange   hasData: false }
273 silly addNameRange { name: 'grunt-usemin',
273 silly addNameRange   range: '>=3.1.1-0 <4.0.0-0',
273 silly addNameRange   hasData: false }
274 silly addNameRange { name: 'grunt-webfont',
274 silly addNameRange   range: '>=1.1.0-0 <2.0.0-0',
274 silly addNameRange   hasData: false }
275 silly addNameRange { name: 'grunt-contrib-concat',
275 silly addNameRange   range: '>=1.0.0-0 <1.1.0-0',
275 silly addNameRange   hasData: false }
276 silly addNameRange { name: 'load-grunt-tasks',
276 silly addNameRange   range: '>=3.4.0-0 <4.0.0-0',
276 silly addNameRange   hasData: false }
277 verbose url raw sass-convert
278 verbose url resolving [ 'https://registry.npmjs.org/', './sass-convert' ]
279 verbose url resolved https://registry.npmjs.org/sass-convert
280 info trying registry request attempt 1 at 15:51:41
281 http GET https://registry.npmjs.org/sass-convert
282 verbose url raw grunt-contrib-copy
283 verbose url resolving [ 'https://registry.npmjs.org/', './grunt-contrib-copy' ]
284 verbose url resolved https://registry.npmjs.org/grunt-contrib-copy
285 info trying registry request attempt 1 at 15:51:42
286 http GET https://registry.npmjs.org/grunt-contrib-copy
287 verbose url raw grunt-contrib-csslint
288 verbose url resolving [ 'https://registry.npmjs.org/', './grunt-contrib-csslint' ]
289 verbose url resolved https://registry.npmjs.org/grunt-contrib-csslint
290 info trying registry request attempt 1 at 15:51:42
291 http GET https://registry.npmjs.org/grunt-contrib-csslint
292 verbose url raw grunt-contrib-cssmin
293 verbose url resolving [ 'https://registry.npmjs.org/', './grunt-contrib-cssmin' ]
294 verbose url resolved https://registry.npmjs.org/grunt-contrib-cssmin
295 info trying registry request attempt 1 at 15:51:42
296 http GET https://registry.npmjs.org/grunt-contrib-cssmin
297 verbose url raw grunt-contrib-htmlmin
298 verbose url resolving [ 'https://registry.npmjs.org/', './grunt-contrib-htmlmin' ]
299 verbose url resolved https://registry.npmjs.org/grunt-contrib-htmlmin
300 info trying registry request attempt 1 at 15:51:42
301 http GET https://registry.npmjs.org/grunt-contrib-htmlmin
302 verbose url raw grunt-contrib-imagemin
303 verbose url resolving [ 'https://registry.npmjs.org/', './grunt-contrib-imagemin' ]
304 verbose url resolved https://registry.npmjs.org/grunt-contrib-imagemin
305 info trying registry request attempt 1 at 15:51:42
306 http GET https://registry.npmjs.org/grunt-contrib-imagemin
307 verbose url raw grunt-contrib-jshint
308 verbose url resolving [ 'https://registry.npmjs.org/', './grunt-contrib-jshint' ]
309 verbose url resolved https://registry.npmjs.org/grunt-contrib-jshint
310 info trying registry request attempt 1 at 15:51:42
311 http GET https://registry.npmjs.org/grunt-contrib-jshint
312 verbose url raw grunt-contrib-sass
313 verbose url resolving [ 'https://registry.npmjs.org/', './grunt-contrib-sass' ]
314 verbose url resolved https://registry.npmjs.org/grunt-contrib-sass
315 info trying registry request attempt 1 at 15:51:42
316 http GET https://registry.npmjs.org/grunt-contrib-sass
317 verbose url raw grunt-banner
318 verbose url resolving [ 'https://registry.npmjs.org/', './grunt-banner' ]
319 verbose url resolved https://registry.npmjs.org/grunt-banner
320 info trying registry request attempt 1 at 15:51:42
321 http GET https://registry.npmjs.org/grunt-banner
322 verbose url raw grunt-contrib-uglify
323 verbose url resolving [ 'https://registry.npmjs.org/', './grunt-contrib-uglify' ]
324 verbose url resolved https://registry.npmjs.org/grunt-contrib-uglify
325 info trying registry request attempt 1 at 15:51:42
326 http GET https://registry.npmjs.org/grunt-contrib-uglify
327 verbose url raw grunt-contrib-watch
328 verbose url resolving [ 'https://registry.npmjs.org/', './grunt-contrib-watch' ]
329 verbose url resolved https://registry.npmjs.org/grunt-contrib-watch
330 info trying registry request attempt 1 at 15:51:42
331 http GET https://registry.npmjs.org/grunt-contrib-watch
332 verbose url raw grunt-favicons
333 verbose url resolving [ 'https://registry.npmjs.org/', './grunt-favicons' ]
334 verbose url resolved https://registry.npmjs.org/grunt-favicons
335 info trying registry request attempt 1 at 15:51:42
336 http GET https://registry.npmjs.org/grunt-favicons
337 verbose url raw grunt-less-to-sass
338 verbose url resolving [ 'https://registry.npmjs.org/', './grunt-less-to-sass' ]
339 verbose url resolved https://registry.npmjs.org/grunt-less-to-sass
340 info trying registry request attempt 1 at 15:51:42
341 http GET https://registry.npmjs.org/grunt-less-to-sass
342 verbose url raw grunt-contrib-clean
343 verbose url resolving [ 'https://registry.npmjs.org/', './grunt-contrib-clean' ]
344 verbose url resolved https://registry.npmjs.org/grunt-contrib-clean
345 info trying registry request attempt 1 at 15:51:42
346 http GET https://registry.npmjs.org/grunt-contrib-clean
347 verbose url raw grunt-rev
348 verbose url resolving [ 'https://registry.npmjs.org/', './grunt-rev' ]
349 verbose url resolved https://registry.npmjs.org/grunt-rev
350 info trying registry request attempt 1 at 15:51:42
351 http GET https://registry.npmjs.org/grunt-rev
352 verbose url raw grunt-dev-update
353 verbose url resolving [ 'https://registry.npmjs.org/', './grunt-dev-update' ]
354 verbose url resolved https://registry.npmjs.org/grunt-dev-update
355 info trying registry request attempt 1 at 15:51:42
356 http GET https://registry.npmjs.org/grunt-dev-update
357 verbose url raw grunt-update-json
358 verbose url resolving [ 'https://registry.npmjs.org/', './grunt-update-json' ]
359 verbose url resolved https://registry.npmjs.org/grunt-update-json
360 info trying registry request attempt 1 at 15:51:42
361 http GET https://registry.npmjs.org/grunt-update-json
362 verbose url raw grunt-usemin
363 verbose url resolving [ 'https://registry.npmjs.org/', './grunt-usemin' ]
364 verbose url resolved https://registry.npmjs.org/grunt-usemin
365 info trying registry request attempt 1 at 15:51:42
366 http GET https://registry.npmjs.org/grunt-usemin
367 verbose url raw grunt-contrib-compass
368 verbose url resolving [ 'https://registry.npmjs.org/', './grunt-contrib-compass' ]
369 verbose url resolved https://registry.npmjs.org/grunt-contrib-compass
370 info trying registry request attempt 1 at 15:51:42
371 http GET https://registry.npmjs.org/grunt-contrib-compass
372 verbose url raw grunt-webfont
373 verbose url resolving [ 'https://registry.npmjs.org/', './grunt-webfont' ]
374 verbose url resolved https://registry.npmjs.org/grunt-webfont
375 info trying registry request attempt 1 at 15:51:42
376 http GET https://registry.npmjs.org/grunt-webfont
377 verbose url raw grunt-contrib-concat
378 verbose url resolving [ 'https://registry.npmjs.org/', './grunt-contrib-concat' ]
379 verbose url resolved https://registry.npmjs.org/grunt-contrib-concat
380 info trying registry request attempt 1 at 15:51:42
381 http GET https://registry.npmjs.org/grunt-contrib-concat
382 silly addNameRange { name: 'grunt-sass-convert',
382 silly addNameRange   range: '>=0.3.0-0 <0.4.0-0',
382 silly addNameRange   hasData: false }
383 silly addNameRange { name: 'grunt-includes',
383 silly addNameRange   range: '>=0.5.3-0 <0.6.0-0',
383 silly addNameRange   hasData: false }
384 verbose url raw load-grunt-tasks
385 verbose url resolving [ 'https://registry.npmjs.org/', './load-grunt-tasks' ]
386 verbose url resolved https://registry.npmjs.org/load-grunt-tasks
387 info trying registry request attempt 1 at 15:51:42
388 http GET https://registry.npmjs.org/load-grunt-tasks
389 silly addNameRange { name: 'grunt-notify',
389 silly addNameRange   range: '>=0.4.3-0 <0.5.0-0',
389 silly addNameRange   hasData: false }
390 verbose url raw grunt-contrib-compress
391 verbose url resolving [ 'https://registry.npmjs.org/', './grunt-contrib-compress' ]
392 verbose url resolved https://registry.npmjs.org/grunt-contrib-compress
393 info trying registry request attempt 1 at 15:51:42
394 http GET https://registry.npmjs.org/grunt-contrib-compress
395 verbose url raw grunt
396 verbose url resolving [ 'https://registry.npmjs.org/', './grunt' ]
397 verbose url resolved https://registry.npmjs.org/grunt
398 info trying registry request attempt 1 at 15:51:42
399 http GET https://registry.npmjs.org/grunt
400 verbose url raw grunt-sass-convert
401 verbose url resolving [ 'https://registry.npmjs.org/', './grunt-sass-convert' ]
402 verbose url resolved https://registry.npmjs.org/grunt-sass-convert
403 info trying registry request attempt 1 at 15:51:42
404 http GET https://registry.npmjs.org/grunt-sass-convert
405 verbose url raw grunt-includes
406 verbose url resolving [ 'https://registry.npmjs.org/', './grunt-includes' ]
407 verbose url resolved https://registry.npmjs.org/grunt-includes
408 info trying registry request attempt 1 at 15:51:42
409 http GET https://registry.npmjs.org/grunt-includes
410 verbose url raw grunt-notify
411 verbose url resolving [ 'https://registry.npmjs.org/', './grunt-notify' ]
412 verbose url resolved https://registry.npmjs.org/grunt-notify
413 info trying registry request attempt 1 at 15:51:42
414 http GET https://registry.npmjs.org/grunt-notify
415 info retry will retry, error on last attempt: Error: unable to verify the first certificate
416 info retry will retry, error on last attempt: Error: unable to verify the first certificate
417 info retry will retry, error on last attempt: Error: unable to verify the first certificate
418 info retry will retry, error on last attempt: Error: unable to verify the first certificate
419 info retry will retry, error on last attempt: Error: unable to verify the first certificate
420 info retry will retry, error on last attempt: Error: unable to verify the first certificate
421 info retry will retry, error on last attempt: Error: unable to verify the first certificate
422 info retry will retry, error on last attempt: Error: unable to verify the first certificate
423 info retry will retry, error on last attempt: Error: unable to verify the first certificate
424 info retry will retry, error on last attempt: Error: unable to verify the first certificate
425 info retry will retry, error on last attempt: Error: unable to verify the first certificate
426 info retry will retry, error on last attempt: Error: unable to verify the first certificate
427 info retry will retry, error on last attempt: Error: unable to verify the first certificate
428 info retry will retry, error on last attempt: Error: unable to verify the first certificate
429 info retry will retry, error on last attempt: Error: unable to verify the first certificate
430 info retry will retry, error on last attempt: Error: unable to verify the first certificate
431 info retry will retry, error on last attempt: Error: unable to verify the first certificate
432 info retry will retry, error on last attempt: Error: unable to verify the first certificate
433 info retry will retry, error on last attempt: Error: unable to verify the first certificate
434 info retry will retry, error on last attempt: Error: unable to verify the first certificate
435 info retry will retry, error on last attempt: Error: unable to verify the first certificate
436 info retry will retry, error on last attempt: Error: unable to verify the first certificate
437 info retry will retry, error on last attempt: Error: unable to verify the first certificate
438 info retry will retry, error on last attempt: Error: unable to verify the first certificate
439 info retry will retry, error on last attempt: Error: unable to verify the first certificate
440 info retry will retry, error on last attempt: Error: unable to verify the first certificate
441 info retry will retry, error on last attempt: Error: unable to verify the first certificate
442 info trying registry request attempt 2 at 15:51:55
443 http GET https://registry.npmjs.org/grunt-contrib-csslint
444 info trying registry request attempt 2 at 15:51:55
445 http GET https://registry.npmjs.org/grunt-contrib-htmlmin
446 info trying registry request attempt 2 at 15:51:55
447 http GET https://registry.npmjs.org/grunt-contrib-cssmin
448 info trying registry request attempt 2 at 15:51:55
449 http GET https://registry.npmjs.org/grunt-contrib-jshint
450 info trying registry request attempt 2 at 15:51:55
451 http GET https://registry.npmjs.org/grunt-contrib-watch
452 info trying registry request attempt 2 at 15:51:55
453 http GET https://registry.npmjs.org/sass-convert
454 info trying registry request attempt 2 at 15:51:55
455 http GET https://registry.npmjs.org/grunt-contrib-copy
456 info trying registry request attempt 2 at 15:51:55
457 http GET https://registry.npmjs.org/grunt-update-json
458 info trying registry request attempt 2 at 15:51:55
459 http GET https://registry.npmjs.org/grunt-rev
460 info trying registry request attempt 2 at 15:51:55
461 http GET https://registry.npmjs.org/grunt-contrib-compass
462 info trying registry request attempt 2 at 15:51:55
463 http GET https://registry.npmjs.org/grunt-dev-update
464 info trying registry request attempt 2 at 15:51:55
465 http GET https://registry.npmjs.org/grunt-sass-convert
466 info trying registry request attempt 2 at 15:51:55
467 http GET https://registry.npmjs.org/grunt-contrib-compress
468 info trying registry request attempt 2 at 15:51:55
469 http GET https://registry.npmjs.org/grunt-notify
470 info trying registry request attempt 2 at 15:51:55
471 http GET https://registry.npmjs.org/grunt-contrib-uglify
472 info trying registry request attempt 2 at 15:51:55
473 http GET https://registry.npmjs.org/grunt-contrib-sass
474 info trying registry request attempt 2 at 15:51:55
475 http GET https://registry.npmjs.org/grunt-webfont
476 info trying registry request attempt 2 at 15:51:55
477 http GET https://registry.npmjs.org/grunt-contrib-imagemin
478 info trying registry request attempt 2 at 15:51:55
479 http GET https://registry.npmjs.org/grunt-includes
480 info trying registry request attempt 2 at 15:51:55
481 http GET https://registry.npmjs.org/grunt
482 info trying registry request attempt 2 at 15:51:55
483 http GET https://registry.npmjs.org/grunt-favicons
484 info trying registry request attempt 2 at 15:51:55
485 http GET https://registry.npmjs.org/grunt-contrib-clean
486 info trying registry request attempt 2 at 15:51:55
487 http GET https://registry.npmjs.org/grunt-usemin
488 info trying registry request attempt 2 at 15:51:56
489 http GET https://registry.npmjs.org/load-grunt-tasks
490 info trying registry request attempt 2 at 15:51:56
491 http GET https://registry.npmjs.org/grunt-banner
492 info trying registry request attempt 2 at 15:51:56
493 http GET https://registry.npmjs.org/grunt-less-to-sass
494 info trying registry request attempt 2 at 15:51:56
495 http GET https://registry.npmjs.org/grunt-contrib-concat
496 info retry will retry, error on last attempt: Error: unable to verify the first certificate
497 info retry will retry, error on last attempt: Error: unable to verify the first certificate
498 info retry will retry, error on last attempt: Error: unable to verify the first certificate
499 info retry will retry, error on last attempt: Error: unable to verify the first certificate
500 info retry will retry, error on last attempt: Error: unable to verify the first certificate
501 info retry will retry, error on last attempt: Error: unable to verify the first certificate
502 info retry will retry, error on last attempt: Error: unable to verify the first certificate
503 info retry will retry, error on last attempt: Error: unable to verify the first certificate
504 info retry will retry, error on last attempt: Error: unable to verify the first certificate
505 info retry will retry, error on last attempt: Error: unable to verify the first certificate
506 info retry will retry, error on last attempt: Error: unable to verify the first certificate
507 info retry will retry, error on last attempt: Error: unable to verify the first certificate
508 info retry will retry, error on last attempt: Error: unable to verify the first certificate
509 info retry will retry, error on last attempt: Error: unable to verify the first certificate
510 info retry will retry, error on last attempt: Error: unable to verify the first certificate
511 info retry will retry, error on last attempt: Error: unable to verify the first certificate
512 info retry will retry, error on last attempt: Error: unable to verify the first certificate
513 info retry will retry, error on last attempt: Error: unable to verify the first certificate
514 info retry will retry, error on last attempt: Error: unable to verify the first certificate
515 info retry will retry, error on last attempt: Error: unable to verify the first certificate
516 info retry will retry, error on last attempt: Error: unable to verify the first certificate
517 info retry will retry, error on last attempt: Error: unable to verify the first certificate
518 info retry will retry, error on last attempt: Error: unable to verify the first certificate
519 info retry will retry, error on last attempt: Error: unable to verify the first certificate
520 info retry will retry, error on last attempt: Error: unable to verify the first certificate
521 info retry will retry, error on last attempt: Error: unable to verify the first certificate
522 info retry will retry, error on last attempt: Error: unable to verify the first certificate
523 info trying registry request attempt 3 at 15:52:56
524 http GET https://registry.npmjs.org/grunt-contrib-csslint
525 info trying registry request attempt 3 at 15:52:56
526 http GET https://registry.npmjs.org/grunt-contrib-htmlmin
527 info trying registry request attempt 3 at 15:52:57
528 http GET https://registry.npmjs.org/grunt-contrib-cssmin
529 info trying registry request attempt 3 at 15:52:57
530 http GET https://registry.npmjs.org/grunt-contrib-jshint
531 info trying registry request attempt 3 at 15:52:57
532 http GET https://registry.npmjs.org/grunt-rev
533 info trying registry request attempt 3 at 15:52:57
534 http GET https://registry.npmjs.org/grunt-update-json
535 silly lockFile d3fc6c13-grunt-contrib-csslint-0-5-0 grunt-contrib-csslint@~0.5.0
536 silly lockFile d3fc6c13-grunt-contrib-csslint-0-5-0 grunt-contrib-csslint@~0.5.0
537 error Error: unable to verify the first certificate
537 error     at Error (native)
537 error     at TLSSocket.<anonymous> (_tls_wrap.js:906:36)
537 error     at TLSSocket.EventEmitter.emit (events.js:104:17)
537 error     at TLSSocket._finishInit (_tls_wrap.js:457:8)
538 error If you need help, you may report this *entire* log,
538 error including the npm and node versions, at:
538 error     <http://github.com/npm/npm/issues>
539 error System Linux 3.19.0-31-generic
540 error command "node" "/usr/local/bin/npm" "i"
541 error cwd /home/valter/Documentos/SOP/jaPedi
542 error node -v v0.11.14-pre
543 error npm -v 1.4.12
544 error code UNABLE_TO_VERIFY_LEAF_SIGNATURE
545 verbose exit [ 1, true ]
